<?xml version="1.0" encoding="UTF-8"?>
<!-- Generated by org.testng.reporters.JUnitReportReporter -->
<testsuite hostname="DESKTOP-NBAG2P3" failures="0" tests="1" name="seleniumdemo.file" time="60.978" errors="0" timestamp="13 Oct 2022 07:09:22 GMT">
  <testcase classname="seleniumdemo.file" name="test" time="60.978"/>
</testsuite> <!-- seleniumdemo.file -->
