<?xml version="1.0" encoding="UTF-8"?>
<!-- Generated by org.testng.reporters.JUnitReportReporter -->
<testsuite hostname="DESKTOP-NBAG2P3" failures="0" tests="1" name="seleniumdemo.windowhandle" time="23.106" errors="0" timestamp="18 Oct 2022 12:49:03 GMT">
  <testcase classname="seleniumdemo.windowhandle" name="testcase1" time="23.106"/>
</testsuite> <!-- seleniumdemo.windowhandle -->
