<?xml version="1.0" encoding="UTF-8"?>
<!-- Generated by org.testng.reporters.JUnitReportReporter -->
<testsuite hostname="DESKTOP-NBAG2P3" failures="0" tests="3" name="seleniumdemo.class3Test" time="8.324" errors="0" timestamp="11 Oct 2022 06:54:07 GMT">
  <testcase classname="seleniumdemo.class3Test" name="test1" time="0.139"/>
  <testcase classname="seleniumdemo.class3Test" name="test2" time="3.051"/>
  <testcase classname="seleniumdemo.class3Test" name="test3" time="5.134"/>
</testsuite> <!-- seleniumdemo.class3Test -->
