<?xml version="1.0" encoding="UTF-8"?>
<!-- Generated by org.testng.reporters.JUnitReportReporter -->
<testsuite hostname="DESKTOP-NBAG2P3" failures="0" tests="5" name="seleniumdemo.guru99" time="38.006" errors="0" timestamp="12 Oct 2022 16:35:45 GMT">
  <testcase classname="seleniumdemo.guru99" name="test3" time="3.369"/>
  <testcase classname="seleniumdemo.guru99" name="test1" time="3.431"/>
  <testcase classname="seleniumdemo.guru99" name="test4" time="4.539"/>
  <testcase classname="seleniumdemo.guru99" name="test0" time="23.271"/>
  <testcase classname="seleniumdemo.guru99" name="test2" time="3.396"/>
</testsuite> <!-- seleniumdemo.guru99 -->
