<?xml version="1.0" encoding="UTF-8"?>
<!-- Generated by org.testng.reporters.JUnitReportReporter -->
<testsuite hostname="DESKTOP-NBAG2P3" failures="0" tests="1" name="seleniumdemo.Alert1" time="62.264" errors="0" timestamp="19 Oct 2022 09:53:49 GMT">
  <testcase classname="seleniumdemo.Alert1" name="alert1" time="62.264"/>
</testsuite> <!-- seleniumdemo.Alert1 -->
