<?xml version="1.0" encoding="UTF-8"?>
<!-- Generated by org.testng.reporters.JUnitReportReporter -->
<testsuite hostname="DESKTOP-NBAG2P3" failures="0" tests="1" name="seleniumdemo.implicitlyWait" time="8.417" errors="0" timestamp="18 Oct 2022 17:19:37 GMT">
  <testcase classname="seleniumdemo.implicitlyWait" name="testcase1" time="8.417"/>
</testsuite> <!-- seleniumdemo.implicitlyWait -->
