<?xml version="1.0" encoding="UTF-8"?>
<!-- Generated by org.testng.reporters.JUnitReportReporter -->
<testsuite hostname="DESKTOP-NBAG2P3" failures="0" tests="1" name="seleniumdemo.class4tng" time="0.012" errors="0" timestamp="11 Oct 2022 08:01:26 GMT">
  <testcase classname="seleniumdemo.class4tng" name="f" time="0.012"/>
</testsuite> <!-- seleniumdemo.class4tng -->
