<?xml version="1.0" encoding="UTF-8"?>
<!-- Generated by org.testng.reporters.JUnitReportReporter -->
<testsuite hostname="DESKTOP-NBAG2P3" failures="0" tests="1" name="seleniumdemo.linkprint" time="24.893" errors="0" timestamp="17 Oct 2022 06:58:04 GMT">
  <testcase classname="seleniumdemo.linkprint" name="testcase1" time="24.893"/>
</testsuite> <!-- seleniumdemo.linkprint -->
