<?xml version="1.0" encoding="UTF-8"?>
<!-- Generated by org.testng.reporters.JUnitReportReporter -->
<testsuite hostname="DESKTOP-NBAG2P3" failures="0" tests="1" name="seleniumdemo.ifcondition" time="49.229" errors="0" timestamp="14 Oct 2022 08:26:29 GMT">
  <testcase classname="seleniumdemo.ifcondition" name="Dipak" time="49.229"/>
</testsuite> <!-- seleniumdemo.ifcondition -->
