<?xml version="1.0" encoding="UTF-8"?>
<!-- Generated by org.testng.reporters.JUnitReportReporter -->
<testsuite hostname="DESKTOP-NBAG2P3" failures="0" tests="1" name="seleniumdemo.file" time="21.696" errors="0" timestamp="10 Oct 2022 09:57:23 GMT">
  <testcase classname="seleniumdemo.file" name="test" time="21.696"/>
</testsuite> <!-- seleniumdemo.file -->
